<?xml version="1.0" encoding="UTF-8"?>
<!-- Generated by org.testng.reporters.JUnitReportReporter -->
<testsuite skipped="8" hostname="DESKTOP-8VGDR4U" name="testcases.rediff.StockManagement" tests="8" failures="0" timestamp="2021-09-21T16:28:49 IST" time="0.066" errors="0">
  <testcase name="verifyStockQuantity" time="0.002" classname="testcases.rediff.StockManagement">
    <skipped/>
  </testcase> <!-- verifyStockQuantity -->
  <system-out/>
  <testcase name="verifyTransactionHistory" time="0.050" classname="testcases.rediff.StockManagement">
    <skipped/>
  </testcase> <!-- verifyTransactionHistory -->
  <system-out/>
  <testcase name="addNewStock" time="0.005" classname="testcases.rediff.StockManagement">
    <skipped/>
  </testcase> <!-- addNewStock -->
  <system-out/>
  <testcase name="verifyStockPresent" time="0.003" classname="testcases.rediff.StockManagement">
    <skipped/>
  </testcase> <!-- verifyStockPresent -->
  <system-out/>
  <testcase name="verifyTransactionHistory" time="0.002" classname="testcases.rediff.StockManagement">
    <skipped/>
  </testcase> <!-- verifyTransactionHistory -->
  <system-out/>
  <testcase name="verifyStockPresent" time="0.001" classname="testcases.rediff.StockManagement">
    <skipped/>
  </testcase> <!-- verifyStockPresent -->
  <system-out/>
  <testcase name="verifyStockQuantity" time="0.002" classname="testcases.rediff.StockManagement">
    <skipped/>
  </testcase> <!-- verifyStockQuantity -->
  <system-out/>
  <testcase name="addNewStock" time="0.001" classname="testcases.rediff.StockManagement">
    <skipped/>
  </testcase> <!-- addNewStock -->
  <system-out/>
</testsuite> <!-- testcases.rediff.StockManagement -->
